<?xml version="1.0" encoding="utf-8" standalone="no"?>
<!--This file represents the results of running a test suite-->
<test-results name="C:\Users\bs\Downloads\CleaningRobotAlgorithm\CleaningRobotAlgorithm\CleaningRobotTesting\Project2.nunit" total="1" errors="0" failures="0" not-run="0" inconclusive="0" ignored="0" skipped="0" invalid="0" date="2013-09-03" time="11:57:13">
  <environment nunit-version="2.6.2.12296" clr-version="2.0.50727.5472" os-version="Microsoft Windows NT 6.1.7601 Service Pack 1" platform="Win32NT" cwd="C:\Program Files (x86)\NUnit 2.6.2\bin" machine-name="BANVQBINST01" user="bs" user-domain="CORP" />
  <culture-info current-culture="en-US" current-uiculture="en-US" />
  <test-suite type="Project" name="C:\Users\bs\Downloads\CleaningRobotAlgorithm\CleaningRobotAlgorithm\CleaningRobotTesting\Project2.nunit" executed="True" result="Success" success="True" time="0.388" asserts="0">
    <results>
      <test-suite type="Assembly" name="C:\Users\bs\Downloads\CleaningRobotAlgorithm\CleaningRobotAlgorithm\CleaningRobotTesting\bin\Release\CleaningRobotTesting.exe" executed="True" result="Success" success="True" time="0.343" asserts="0">
        <results>
          <test-suite type="Namespace" name="CleaningRobotTesting" executed="True" result="Success" success="True" time="0.341" asserts="0">
            <results>
              <test-suite type="TestFixture" name="ForwardMovementHandlerTest" executed="True" result="Success" success="True" time="0.335" asserts="0">
                <results>
                  <test-case name="CleaningRobotTesting.ForwardMovementHandlerTest.ForwardMovementHandlerWithCellRevisit" executed="True" result="Success" success="True" time="0.292" asserts="1" />
                </results>
              </test-suite>
            </results>
          </test-suite>
        </results>
      </test-suite>
    </results>
  </test-suite>
</test-results>